0 silly argv {
0 silly argv   _: [ 'bootstrap' ],
0 silly argv   lernaVersion: '4.0.0',
0 silly argv   '$0': '..\\..\\AppData\\Roaming\\npm\\node_modules\\lerna\\cli.js'
0 silly argv }
1 notice cli v4.0.0
2 verbose rootPath C:\Users\phphe\projects\he-tree
3 info versioning independent
4 error JSONError: Unexpected token "}" (0x7D) in JSON at position 511 while parsing near "... \"pug\": \"^3.0.2\",\n  },\n  \"peerDependenci..." in packages\vue3\package.json
4 error
4 error [0m [90m 21 |[39m     [32m"vue-tsc"[39m[33m:[39m [32m"^0.2.2"[39m[33m,[39m[0m
4 error [0m [90m 22 |[39m     [32m"pug"[39m[33m:[39m [32m"^3.0.2"[39m[33m,[39m[0m
4 error [0m[31m[1m>[22m[39m[90m 23 |[39m   }[33m,[39m[0m
4 error [0m [90m    |[39m   [31m[1m^[22m[39m[0m
4 error [0m [90m 24 |[39m   [32m"peerDependencies"[39m[33m:[39m {[0m
4 error [0m [90m 25 |[39m     [32m"vue"[39m[33m:[39m [32m"^3"[39m[0m
4 error [0m [90m 26 |[39m   }[0m
4 error
4 error     at parseJson (C:\Users\phphe\projects\he-tree\node_modules\parse-json\index.js:29:21)
4 error     at parse (C:\Users\phphe\projects\he-tree\node_modules\load-json-file\index.js:15:9)
4 error     at module.exports (C:\Users\phphe\projects\he-tree\node_modules\load-json-file\index.js:18:47)
